<?xml version="1.0" encoding="UTF-8"?>
<testng-results ignored="0" total="2" passed="2" failed="0" skipped="0">
  <reporter-output>
  </reporter-output>
  <suite started-at="2022-12-08T19:51:34 IST" name="Default suite" finished-at="2022-12-08T19:52:17 IST" duration-ms="43250">
    <groups>
    </groups>
    <test started-at="2022-12-08T19:51:34 IST" name="Default test" finished-at="2022-12-08T19:52:17 IST" duration-ms="43250">
      <class name="test_package.New_Test">
        <test-method is-config="true" signature="beforeTest()[pri:0, instance:test_package.New_Test@3bb9a3ff]" started-at="2022-12-08T19:51:34 IST" name="beforeTest" finished-at="2022-12-08T19:51:42 IST" duration-ms="7645" status="PASS">
          <reporter-output>
          </reporter-output>
        </test-method> <!-- beforeTest -->
        <test-method signature="login()[pri:0, instance:test_package.New_Test@3bb9a3ff]" started-at="2022-12-08T19:51:42 IST" name="login" finished-at="2022-12-08T19:51:48 IST" duration-ms="5895" status="PASS">
          <reporter-output>
          </reporter-output>
        </test-method> <!-- login -->
        <test-method signature="about_us()[pri:1, instance:test_package.New_Test@3bb9a3ff]" started-at="2022-12-08T19:51:48 IST" name="about_us" finished-at="2022-12-08T19:52:01 IST" duration-ms="13182" status="PASS">
          <reporter-output>
          </reporter-output>
        </test-method> <!-- about_us -->
        <test-method is-config="true" signature="afterTest()[pri:0, instance:test_package.New_Test@3bb9a3ff]" started-at="2022-12-08T19:52:01 IST" name="afterTest" finished-at="2022-12-08T19:52:17 IST" duration-ms="16264" status="PASS">
          <reporter-output>
          </reporter-output>
        </test-method> <!-- afterTest -->
      </class> <!-- test_package.New_Test -->
    </test> <!-- Default test -->
  </suite> <!-- Default suite -->
</testng-results>
