<?xml version="1.0" encoding="UTF-8"?>
<!-- Generated by org.testng.reporters.JUnitXMLReporter -->
<testsuite ignored="2" hostname="DESKTOP-4JKAPDL" failures="0" tests="1" name="Default test" time="17.333" errors="0" timestamp="2023-01-12T14:39:18 IST">
  <testcase classname="RahulShettyAcademy.RahulShettyAcademy" name="tab" time="10.754"/>
  <testcase classname="RahulShettyAcademy.RahulShettyAcademy" name="window" time="0.0">
    <ignored/>
  </testcase> <!-- window -->
  <testcase classname="RahulShettyAcademy.RahulShettyAcademy" name="radio" time="0.0">
    <ignored/>
  </testcase> <!-- radio -->
</testsuite> <!-- Default test -->
