<?xml version="1.0" encoding="UTF-8"?>
<testng-results ignored="0" total="2" passed="2" failed="0" skipped="0">
  <reporter-output>
  </reporter-output>
  <suite started-at="2022-12-08T19:57:27 IST" name="Default suite" finished-at="2022-12-08T19:57:52 IST" duration-ms="25262">
    <groups>
    </groups>
    <test started-at="2022-12-08T19:57:27 IST" name="Default test" finished-at="2022-12-08T19:57:52 IST" duration-ms="25262">
      <class name="Maven2.mav2testng">
        <test-method is-config="true" signature="beforeTest()[pri:0, instance:Maven2.mav2testng@2667f029]" started-at="2022-12-08T19:57:27 IST" name="beforeTest" finished-at="2022-12-08T19:57:34 IST" duration-ms="7036" status="PASS">
          <reporter-output>
          </reporter-output>
        </test-method> <!-- beforeTest -->
        <test-method signature="login()[pri:0, instance:Maven2.mav2testng@2667f029]" started-at="2022-12-08T19:57:34 IST" name="login" finished-at="2022-12-08T19:57:38 IST" duration-ms="4452" status="PASS">
          <reporter-output>
          </reporter-output>
        </test-method> <!-- login -->
        <test-method signature="about_us()[pri:1, instance:Maven2.mav2testng@2667f029]" started-at="2022-12-08T19:57:38 IST" name="about_us" finished-at="2022-12-08T19:57:52 IST" duration-ms="13177" status="PASS">
          <reporter-output>
          </reporter-output>
        </test-method> <!-- about_us -->
        <test-method is-config="true" signature="afterTest()[pri:0, instance:Maven2.mav2testng@2667f029]" started-at="2022-12-08T19:57:52 IST" name="afterTest" finished-at="2022-12-08T19:57:52 IST" duration-ms="402" status="PASS">
          <reporter-output>
          </reporter-output>
        </test-method> <!-- afterTest -->
      </class> <!-- Maven2.mav2testng -->
    </test> <!-- Default test -->
  </suite> <!-- Default suite -->
</testng-results>
