<?xml version="1.0" encoding="UTF-8"?>
<testng-results ignored="2" total="3" passed="1" failed="0" skipped="0">
  <reporter-output>
  </reporter-output>
  <suite started-at="2023-01-12T14:39:01 IST" name="Default suite" finished-at="2023-01-12T14:39:18 IST" duration-ms="17333">
    <groups>
    </groups>
    <test started-at="2023-01-12T14:39:01 IST" name="Default test" finished-at="2023-01-12T14:39:18 IST" duration-ms="17333">
      <class name="RahulShettyAcademy.RahulShettyAcademy">
        <test-method is-config="true" signature="beforeClass()[pri:0, instance:RahulShettyAcademy.RahulShettyAcademy@353d0772]" started-at="2023-01-12T14:39:01 IST" name="beforeClass" finished-at="2023-01-12T14:39:07 IST" duration-ms="6505" status="PASS">
          <reporter-output>
          </reporter-output>
        </test-method> <!-- beforeClass -->
        <test-method signature="tab()[pri:0, instance:RahulShettyAcademy.RahulShettyAcademy@353d0772]" started-at="2023-01-12T14:39:07 IST" name="tab" finished-at="2023-01-12T14:39:18 IST" duration-ms="10754" status="PASS">
          <reporter-output>
          </reporter-output>
        </test-method> <!-- tab -->
      </class> <!-- RahulShettyAcademy.RahulShettyAcademy -->
    </test> <!-- Default test -->
  </suite> <!-- Default suite -->
</testng-results>
