<?xml version="1.0" encoding="UTF-8"?>
<testng-results ignored="0" total="1" passed="1" failed="0" skipped="0">
  <reporter-output>
  </reporter-output>
  <suite started-at="2023-02-07T16:07:28 IST" name="Default suite" finished-at="2023-02-07T16:08:24 IST" duration-ms="55697">
    <groups>
    </groups>
    <test started-at="2023-02-07T16:07:28 IST" name="Default test" finished-at="2023-02-07T16:08:24 IST" duration-ms="55697">
      <class name="Maven6.DataDriven2">
        <test-method is-config="true" signature="beforeTest()[pri:0, instance:Maven6.DataDriven2@6a192cfe]" started-at="2023-02-07T16:07:28 IST" name="beforeTest" finished-at="2023-02-07T16:07:40 IST" duration-ms="11571" status="PASS">
          <reporter-output>
          </reporter-output>
        </test-method> <!-- beforeTest -->
        <test-method signature="Test()[pri:0, instance:Maven6.DataDriven2@6a192cfe]" started-at="2023-02-07T16:07:40 IST" name="Test" finished-at="2023-02-07T16:08:24 IST" duration-ms="43684" status="PASS">
          <reporter-output>
          </reporter-output>
        </test-method> <!-- Test -->
        <test-method is-config="true" signature="afterTest()[pri:0, instance:Maven6.DataDriven2@6a192cfe]" started-at="2023-02-07T16:08:24 IST" name="afterTest" finished-at="2023-02-07T16:08:24 IST" duration-ms="379" status="PASS">
          <reporter-output>
          </reporter-output>
        </test-method> <!-- afterTest -->
      </class> <!-- Maven6.DataDriven2 -->
    </test> <!-- Default test -->
  </suite> <!-- Default suite -->
</testng-results>
